0 verbose cli /usr/bin/node /usr/bin/npm
1 info using npm@9.2.0
2 info using node@v18.19.0
3 timing npm:load:whichnode Completed in 1ms
4 timing config:load:defaults Completed in 3ms
5 timing config:load:file:/usr/share/nodejs/npm/npmrc Completed in 4ms
6 timing config:load:builtin Completed in 4ms
7 timing config:load:cli Completed in 2ms
8 timing config:load:env Completed in 1ms
9 timing config:load:project Completed in 2ms
10 timing config:load:file:/home/user/.npmrc Completed in 0ms
11 timing config:load:user Completed in 0ms
12 timing config:load:file:/etc/npmrc Completed in 1ms
13 timing config:load:global Completed in 1ms
14 timing config:load:setEnvs Completed in 1ms
15 timing config:load Completed in 14ms
16 timing npm:load:configload Completed in 14ms
17 timing npm:load:mkdirpcache Completed in 1ms
18 timing npm:load:mkdirplogs Completed in 0ms
19 verbose title npm install jsdom
20 verbose argv "install" "jsdom"
21 timing npm:load:setTitle Completed in 2ms
22 timing config:load:flatten Completed in 4ms
23 timing npm:load:display Completed in 6ms
24 verbose logfile logs-max:10 dir:/home/user/.npm/_logs/2025-04-02T19_17_47_591Z-
25 verbose logfile /home/user/.npm/_logs/2025-04-02T19_17_47_591Z-debug-0.log
26 timing npm:load:logFile Completed in 7ms
27 timing npm:load:timers Completed in 0ms
28 timing npm:load:configScope Completed in 0ms
29 timing npm:load Completed in 31ms
30 silly logfile done cleaning log files
31 timing config:load:flatten Completed in 1ms
32 timing arborist:ctor Completed in 2ms
33 timing arborist:ctor Completed in 0ms
34 timing idealTree:init Completed in 18ms
35 timing idealTree:userRequests Completed in 5ms
36 silly idealTree buildDeps
37 silly fetch manifest jsdom@*
38 http fetch GET 200 https://registry.npmjs.org/jsdom 202ms (cache miss)
39 silly fetch manifest canvas@^3.0.0
40 http fetch GET 200 https://registry.npmjs.org/canvas 71ms (cache miss)
41 silly placeDep ROOT jsdom@26.0.0 OK for: user@1.0.0 want: *
42 silly fetch manifest cssstyle@^4.2.1
43 silly fetch manifest data-urls@^5.0.0
44 silly fetch manifest decimal.js@^10.4.3
45 silly fetch manifest form-data@^4.0.1
46 silly fetch manifest html-encoding-sniffer@^4.0.0
47 silly fetch manifest http-proxy-agent@^7.0.2
48 silly fetch manifest https-proxy-agent@^7.0.6
49 silly fetch manifest is-potential-custom-element-name@^1.0.1
50 silly fetch manifest nwsapi@^2.2.16
51 silly fetch manifest parse5@^7.2.1
52 silly fetch manifest rrweb-cssom@^0.8.0
53 silly fetch manifest saxes@^6.0.0
54 silly fetch manifest symbol-tree@^3.2.4
55 silly fetch manifest tough-cookie@^5.0.0
56 silly fetch manifest w3c-xmlserializer@^5.0.0
57 silly fetch manifest webidl-conversions@^7.0.0
58 silly fetch manifest whatwg-encoding@^3.1.1
59 silly fetch manifest whatwg-mimetype@^4.0.0
60 silly fetch manifest whatwg-url@^14.1.0
61 silly fetch manifest ws@^8.18.0
62 silly fetch manifest xml-name-validator@^5.0.0
63 http fetch GET 200 https://registry.npmjs.org/cssstyle 92ms (cache miss)
64 http fetch GET 200 https://registry.npmjs.org/webidl-conversions 219ms (cache miss)
65 http fetch GET 200 https://registry.npmjs.org/rrweb-cssom 224ms (cache miss)
66 http fetch GET 200 https://registry.npmjs.org/is-potential-custom-element-name 229ms (cache miss)
67 http fetch GET 200 https://registry.npmjs.org/http-proxy-agent 233ms (cache miss)
68 http fetch GET 200 https://registry.npmjs.org/data-urls 237ms (cache miss)
69 http fetch GET 200 https://registry.npmjs.org/html-encoding-sniffer 235ms (cache miss)
70 http fetch GET 200 https://registry.npmjs.org/symbol-tree 229ms (cache miss)
71 http fetch GET 200 https://registry.npmjs.org/whatwg-encoding 228ms (cache miss)
72 http fetch GET 200 https://registry.npmjs.org/whatwg-mimetype 228ms (cache miss)
73 http fetch GET 200 https://registry.npmjs.org/xml-name-validator 224ms (cache miss)
74 http fetch GET 200 https://registry.npmjs.org/w3c-xmlserializer 233ms (cache miss)
75 http fetch GET 200 https://registry.npmjs.org/https-proxy-agent 242ms (cache miss)
76 http fetch GET 200 https://registry.npmjs.org/form-data 248ms (cache miss)
77 http fetch GET 200 https://registry.npmjs.org/decimal.js 251ms (cache miss)
78 http fetch GET 200 https://registry.npmjs.org/parse5 246ms (cache miss)
79 http fetch GET 200 https://registry.npmjs.org/tough-cookie 244ms (cache miss)
80 http fetch GET 200 https://registry.npmjs.org/nwsapi 252ms (cache miss)
81 http fetch GET 200 https://registry.npmjs.org/saxes 251ms (cache miss)
82 http fetch GET 200 https://registry.npmjs.org/whatwg-url 247ms (cache miss)
83 http fetch GET 200 https://registry.npmjs.org/ws 250ms (cache miss)
84 timing idealTree:#root Completed in 573ms
85 silly fetch manifest bufferutil@^4.0.1
86 http fetch GET 200 https://registry.npmjs.org/bufferutil 216ms (cache miss)
87 silly fetch manifest utf-8-validate@>=5.0.2
88 http fetch GET 200 https://registry.npmjs.org/utf-8-validate 39ms (cache miss)
89 silly placeDep ROOT cssstyle@4.3.0 OK for: jsdom@26.0.0 want: ^4.2.1
90 silly placeDep ROOT data-urls@5.0.0 OK for: jsdom@26.0.0 want: ^5.0.0
91 silly placeDep ROOT decimal.js@10.5.0 OK for: jsdom@26.0.0 want: ^10.4.3
92 silly placeDep ROOT form-data@4.0.2 OK for: jsdom@26.0.0 want: ^4.0.1
93 silly placeDep ROOT html-encoding-sniffer@4.0.0 OK for: jsdom@26.0.0 want: ^4.0.0
94 silly placeDep ROOT http-proxy-agent@7.0.2 OK for: jsdom@26.0.0 want: ^7.0.2
95 silly placeDep ROOT https-proxy-agent@7.0.6 OK for: jsdom@26.0.0 want: ^7.0.6
96 silly placeDep ROOT is-potential-custom-element-name@1.0.1 OK for: jsdom@26.0.0 want: ^1.0.1
97 silly placeDep ROOT nwsapi@2.2.20 OK for: jsdom@26.0.0 want: ^2.2.16
98 silly placeDep ROOT parse5@7.2.1 OK for: jsdom@26.0.0 want: ^7.2.1
99 silly placeDep ROOT rrweb-cssom@0.8.0 OK for: jsdom@26.0.0 want: ^0.8.0
100 silly placeDep ROOT saxes@6.0.0 OK for: jsdom@26.0.0 want: ^6.0.0
101 silly placeDep ROOT symbol-tree@3.2.4 OK for: jsdom@26.0.0 want: ^3.2.4
102 silly placeDep ROOT tough-cookie@5.1.2 OK for: jsdom@26.0.0 want: ^5.0.0
103 silly placeDep ROOT w3c-xmlserializer@5.0.0 OK for: jsdom@26.0.0 want: ^5.0.0
104 silly placeDep ROOT webidl-conversions@7.0.0 OK for: jsdom@26.0.0 want: ^7.0.0
105 silly placeDep ROOT whatwg-encoding@3.1.1 OK for: jsdom@26.0.0 want: ^3.1.1
106 silly placeDep ROOT whatwg-mimetype@4.0.0 OK for: jsdom@26.0.0 want: ^4.0.0
107 silly placeDep ROOT whatwg-url@14.2.0 OK for: jsdom@26.0.0 want: ^14.1.0
108 silly placeDep ROOT ws@8.18.1 OK for: jsdom@26.0.0 want: ^8.18.0
109 silly placeDep ROOT xml-name-validator@5.0.0 OK for: jsdom@26.0.0 want: ^5.0.0
110 silly fetch manifest @asamuzakjp/css-color@^3.1.1
111 silly fetch manifest asynckit@^0.4.0
112 silly fetch manifest combined-stream@^1.0.8
113 silly fetch manifest es-set-tostringtag@^2.1.0
114 silly fetch manifest mime-types@^2.1.12
115 silly fetch manifest agent-base@^7.1.0
116 silly fetch manifest debug@^4.3.4
117 silly fetch manifest agent-base@^7.1.2
118 silly fetch manifest debug@4
119 silly fetch manifest entities@^4.5.0
120 silly fetch manifest xmlchars@^2.2.0
121 silly fetch manifest tldts@^6.1.32
122 silly fetch manifest iconv-lite@0.6.3
123 silly fetch manifest tr46@^5.1.0
124 http fetch GET 200 https://registry.npmjs.org/agent-base 97ms (cache miss)
125 http fetch GET 200 https://registry.npmjs.org/es-set-tostringtag 144ms (cache miss)
126 http fetch GET 200 https://registry.npmjs.org/@asamuzakjp%2fcss-color 152ms (cache miss)
127 http fetch GET 200 https://registry.npmjs.org/xmlchars 140ms (cache miss)
128 http fetch GET 200 https://registry.npmjs.org/combined-stream 155ms (cache miss)
129 http fetch GET 200 https://registry.npmjs.org/tr46 142ms (cache miss)
130 http fetch GET 200 https://registry.npmjs.org/agent-base 151ms (cache miss)
131 http fetch GET 200 https://registry.npmjs.org/iconv-lite 149ms (cache miss)
132 http fetch GET 200 https://registry.npmjs.org/entities 155ms (cache miss)
133 http fetch GET 200 https://registry.npmjs.org/mime-types 166ms (cache miss)
134 http fetch GET 200 https://registry.npmjs.org/debug 165ms (cache miss)
135 http fetch GET 200 https://registry.npmjs.org/debug 171ms (cache miss)
136 http fetch GET 200 https://registry.npmjs.org/asynckit 197ms (cache miss)
137 http fetch GET 200 https://registry.npmjs.org/tldts 193ms (cache miss)
138 timing idealTree:node_modules/jsdom Completed in 528ms
139 silly placeDep ROOT @asamuzakjp/css-color@3.1.1 OK for: cssstyle@4.3.0 want: ^3.1.1
140 silly fetch manifest @csstools/css-calc@^2.1.2
141 silly fetch manifest @csstools/css-color-parser@^3.0.8
142 silly fetch manifest @csstools/css-parser-algorithms@^3.0.4
143 silly fetch manifest @csstools/css-tokenizer@^3.0.3
144 silly fetch manifest lru-cache@^10.4.3
145 http fetch GET 200 https://registry.npmjs.org/@csstools%2fcss-calc 89ms (cache miss)
146 http fetch GET 200 https://registry.npmjs.org/@csstools%2fcss-parser-algorithms 89ms (cache miss)
147 http fetch GET 200 https://registry.npmjs.org/lru-cache 94ms (cache miss)
148 http fetch GET 200 https://registry.npmjs.org/@csstools%2fcss-tokenizer 99ms (cache miss)
149 http fetch GET 200 https://registry.npmjs.org/@csstools%2fcss-color-parser 107ms (cache miss)
150 timing idealTree:node_modules/cssstyle Completed in 111ms
151 silly placeDep ROOT @csstools/css-calc@2.1.2 OK for: @asamuzakjp/css-color@3.1.1 want: ^2.1.2
152 silly placeDep ROOT @csstools/css-parser-algorithms@3.0.4 OK for: @csstools/css-calc@2.1.2 want: ^3.0.4
153 silly placeDep ROOT @csstools/css-tokenizer@3.0.3 OK for: @csstools/css-parser-algorithms@3.0.4 want: ^3.0.3
154 silly placeDep ROOT @csstools/css-color-parser@3.0.8 OK for: @asamuzakjp/css-color@3.1.1 want: ^3.0.8
155 silly placeDep ROOT lru-cache@10.4.3 OK for: @asamuzakjp/css-color@3.1.1 want: ^10.4.3
156 silly fetch manifest @csstools/color-helpers@^5.0.2
157 http fetch GET 200 https://registry.npmjs.org/@csstools%2fcolor-helpers 76ms (cache miss)
158 timing idealTree:node_modules/@asamuzakjp/css-color Completed in 91ms
159 timing idealTree:node_modules/@csstools/css-calc Completed in 0ms
160 silly placeDep ROOT @csstools/color-helpers@5.0.2 OK for: @csstools/css-color-parser@3.0.8 want: ^5.0.2
161 timing idealTree:node_modules/@csstools/css-color-parser Completed in 1ms
162 timing idealTree:node_modules/@csstools/color-helpers Completed in 0ms
163 timing idealTree:node_modules/@csstools/css-parser-algorithms Completed in 0ms
164 timing idealTree:node_modules/@csstools/css-tokenizer Completed in 0ms
165 timing idealTree:node_modules/data-urls Completed in 0ms
166 timing idealTree:node_modules/decimal.js Completed in 0ms
167 silly placeDep ROOT asynckit@0.4.0 OK for: form-data@4.0.2 want: ^0.4.0
168 silly placeDep ROOT combined-stream@1.0.8 OK for: form-data@4.0.2 want: ^1.0.8
169 silly placeDep ROOT es-set-tostringtag@2.1.0 OK for: form-data@4.0.2 want: ^2.1.0
170 silly placeDep ROOT mime-types@2.1.35 OK for: form-data@4.0.2 want: ^2.1.12
171 silly fetch manifest delayed-stream@~1.0.0
172 silly fetch manifest es-errors@^1.3.0
173 silly fetch manifest get-intrinsic@^1.2.6
174 silly fetch manifest has-tostringtag@^1.0.2
175 silly fetch manifest hasown@^2.0.2
176 silly fetch manifest mime-db@1.52.0
177 http fetch GET 200 https://registry.npmjs.org/hasown 49ms (cache miss)
178 http fetch GET 200 https://registry.npmjs.org/has-tostringtag 51ms (cache miss)
179 http fetch GET 200 https://registry.npmjs.org/es-errors 56ms (cache miss)
180 http fetch GET 200 https://registry.npmjs.org/get-intrinsic 57ms (cache miss)
181 http fetch GET 200 https://registry.npmjs.org/delayed-stream 65ms (cache miss)
182 http fetch GET 200 https://registry.npmjs.org/mime-db 61ms (cache miss)
183 timing idealTree:node_modules/form-data Completed in 75ms
184 timing idealTree:node_modules/asynckit Completed in 0ms
185 silly placeDep ROOT delayed-stream@1.0.0 OK for: combined-stream@1.0.8 want: ~1.0.0
186 timing idealTree:node_modules/combined-stream Completed in 2ms
187 timing idealTree:node_modules/delayed-stream Completed in 0ms
188 silly placeDep ROOT es-errors@1.3.0 OK for: es-set-tostringtag@2.1.0 want: ^1.3.0
189 silly placeDep ROOT get-intrinsic@1.3.0 OK for: es-set-tostringtag@2.1.0 want: ^1.2.6
190 silly placeDep ROOT has-tostringtag@1.0.2 OK for: es-set-tostringtag@2.1.0 want: ^1.0.2
191 silly placeDep ROOT hasown@2.0.2 OK for: es-set-tostringtag@2.1.0 want: ^2.0.2
192 silly fetch manifest call-bind-apply-helpers@^1.0.2
193 silly fetch manifest es-define-property@^1.0.1
194 silly fetch manifest es-object-atoms@^1.1.1
195 silly fetch manifest function-bind@^1.1.2
196 silly fetch manifest get-proto@^1.0.1
197 silly fetch manifest gopd@^1.2.0
198 silly fetch manifest has-symbols@^1.1.0
199 silly fetch manifest math-intrinsics@^1.1.0
200 silly fetch manifest has-symbols@^1.0.3
201 http fetch GET 200 https://registry.npmjs.org/function-bind 108ms (cache miss)
202 http fetch GET 200 https://registry.npmjs.org/get-proto 109ms (cache miss)
203 http fetch GET 200 https://registry.npmjs.org/gopd 108ms (cache miss)
204 http fetch GET 200 https://registry.npmjs.org/es-object-atoms 111ms (cache miss)
205 http fetch GET 200 https://registry.npmjs.org/math-intrinsics 107ms (cache miss)
206 http fetch GET 200 https://registry.npmjs.org/es-define-property 113ms (cache miss)
207 http fetch GET 200 https://registry.npmjs.org/call-bind-apply-helpers 114ms (cache miss)
208 http fetch GET 200 https://registry.npmjs.org/has-symbols 110ms (cache miss)
209 http fetch GET 200 https://registry.npmjs.org/has-symbols 108ms (cache miss)
210 timing idealTree:node_modules/es-set-tostringtag Completed in 123ms
211 timing idealTree:node_modules/es-errors Completed in 0ms
212 silly placeDep ROOT call-bind-apply-helpers@1.0.2 OK for: get-intrinsic@1.3.0 want: ^1.0.2
213 silly placeDep ROOT es-define-property@1.0.1 OK for: get-intrinsic@1.3.0 want: ^1.0.1
214 silly placeDep ROOT es-object-atoms@1.1.1 OK for: get-intrinsic@1.3.0 want: ^1.1.1
215 silly placeDep ROOT function-bind@1.1.2 OK for: get-intrinsic@1.3.0 want: ^1.1.2
216 silly placeDep ROOT get-proto@1.0.1 OK for: get-intrinsic@1.3.0 want: ^1.0.1
217 silly placeDep ROOT gopd@1.2.0 OK for: get-intrinsic@1.3.0 want: ^1.2.0
218 silly placeDep ROOT has-symbols@1.1.0 OK for: get-intrinsic@1.3.0 want: ^1.1.0
219 silly placeDep ROOT math-intrinsics@1.1.0 OK for: get-intrinsic@1.3.0 want: ^1.1.0
220 silly fetch manifest dunder-proto@^1.0.1
221 http fetch GET 200 https://registry.npmjs.org/dunder-proto 37ms (cache miss)
222 timing idealTree:node_modules/get-intrinsic Completed in 49ms
223 timing idealTree:node_modules/call-bind-apply-helpers Completed in 0ms
224 timing idealTree:node_modules/es-define-property Completed in 0ms
225 timing idealTree:node_modules/es-object-atoms Completed in 0ms
226 timing idealTree:node_modules/function-bind Completed in 0ms
227 silly placeDep ROOT dunder-proto@1.0.1 OK for: get-proto@1.0.1 want: ^1.0.1
228 timing idealTree:node_modules/get-proto Completed in 2ms
229 timing idealTree:node_modules/dunder-proto Completed in 0ms
230 timing idealTree:node_modules/gopd Completed in 0ms
231 timing idealTree:node_modules/has-symbols Completed in 0ms
232 timing idealTree:node_modules/has-tostringtag Completed in 0ms
233 timing idealTree:node_modules/hasown Completed in 0ms
234 timing idealTree:node_modules/html-encoding-sniffer Completed in 0ms
235 silly placeDep ROOT agent-base@7.1.3 OK for: http-proxy-agent@7.0.2 want: ^7.1.0
236 silly placeDep ROOT debug@4.4.0 OK for: http-proxy-agent@7.0.2 want: ^4.3.4
237 silly fetch manifest ms@^2.1.3
238 http fetch GET 200 https://registry.npmjs.org/ms 43ms (cache miss)
239 timing idealTree:node_modules/http-proxy-agent Completed in 48ms
240 timing idealTree:node_modules/agent-base Completed in 0ms
241 silly placeDep ROOT ms@2.1.3 OK for: debug@4.4.0 want: ^2.1.3
242 timing idealTree:node_modules/debug Completed in 2ms
243 timing idealTree:node_modules/https-proxy-agent Completed in 0ms
244 timing idealTree:node_modules/is-potential-custom-element-name Completed in 0ms
245 timing idealTree:node_modules/lru-cache Completed in 0ms
246 timing idealTree:node_modules/math-intrinsics Completed in 0ms
247 silly placeDep ROOT mime-db@1.52.0 OK for: mime-types@2.1.35 want: 1.52.0
248 timing idealTree:node_modules/mime-types Completed in 1ms
249 timing idealTree:node_modules/mime-db Completed in 0ms
250 timing idealTree:node_modules/ms Completed in 0ms
251 timing idealTree:node_modules/nwsapi Completed in 0ms
252 silly placeDep ROOT entities@4.5.0 OK for: parse5@7.2.1 want: ^4.5.0
253 timing idealTree:node_modules/parse5 Completed in 1ms
254 timing idealTree:node_modules/entities Completed in 0ms
255 timing idealTree:node_modules/rrweb-cssom Completed in 0ms
256 silly placeDep ROOT xmlchars@2.2.0 OK for: saxes@6.0.0 want: ^2.2.0
257 timing idealTree:node_modules/saxes Completed in 1ms
258 timing idealTree:node_modules/symbol-tree Completed in 0ms
259 silly placeDep ROOT tldts@6.1.85 OK for: tough-cookie@5.1.2 want: ^6.1.32
260 silly fetch manifest tldts-core@^6.1.85
261 http fetch GET 200 https://registry.npmjs.org/tldts-core 71ms (cache miss)
262 timing idealTree:node_modules/tough-cookie Completed in 81ms
263 silly placeDep ROOT tldts-core@6.1.85 OK for: tldts@6.1.85 want: ^6.1.85
264 timing idealTree:node_modules/tldts Completed in 1ms
265 timing idealTree:node_modules/tldts-core Completed in 0ms
266 timing idealTree:node_modules/w3c-xmlserializer Completed in 0ms
267 timing idealTree:node_modules/webidl-conversions Completed in 0ms
268 silly placeDep ROOT iconv-lite@0.6.3 OK for: whatwg-encoding@3.1.1 want: 0.6.3
269 silly fetch manifest safer-buffer@>= 2.1.2 < 3.0.0
270 http fetch GET 200 https://registry.npmjs.org/safer-buffer 43ms (cache miss)
271 timing idealTree:node_modules/whatwg-encoding Completed in 47ms
272 silly placeDep ROOT safer-buffer@2.1.2 OK for: iconv-lite@0.6.3 want: >= 2.1.2 < 3.0.0
273 timing idealTree:node_modules/iconv-lite Completed in 1ms
274 timing idealTree:node_modules/safer-buffer Completed in 0ms
275 timing idealTree:node_modules/whatwg-mimetype Completed in 0ms
276 silly placeDep ROOT tr46@5.1.0 OK for: whatwg-url@14.2.0 want: ^5.1.0
277 silly fetch manifest punycode@^2.3.1
278 http fetch GET 200 https://registry.npmjs.org/punycode 37ms (cache miss)
279 timing idealTree:node_modules/whatwg-url Completed in 39ms
280 silly placeDep ROOT punycode@2.3.1 OK for: tr46@5.1.0 want: ^2.3.1
281 timing idealTree:node_modules/tr46 Completed in 2ms
282 timing idealTree:node_modules/punycode Completed in 0ms
283 timing idealTree:node_modules/ws Completed in 0ms
284 timing idealTree:node_modules/xml-name-validator Completed in 0ms
285 timing idealTree:node_modules/xmlchars Completed in 0ms
286 timing idealTree:buildDeps Completed in 1788ms
287 timing idealTree:fixDepFlags Completed in 2ms
288 timing idealTree Completed in 1816ms
289 timing reify:loadTrees Completed in 1819ms
290 timing reify:diffTrees Completed in 4ms
291 silly reify moves {}
292 timing reify:retireShallow Completed in 1ms
293 timing reify:createSparse Completed in 10ms
294 timing reify:loadBundles Completed in 0ms
295 silly audit bulk request {
295 silly audit   jsdom: [ '26.0.0' ],
295 silly audit   cssstyle: [ '4.3.0' ],
295 silly audit   'data-urls': [ '5.0.0' ],
295 silly audit   'decimal.js': [ '10.5.0' ],
295 silly audit   'form-data': [ '4.0.2' ],
295 silly audit   'html-encoding-sniffer': [ '4.0.0' ],
295 silly audit   'http-proxy-agent': [ '7.0.2' ],
295 silly audit   'https-proxy-agent': [ '7.0.6' ],
295 silly audit   'is-potential-custom-element-name': [ '1.0.1' ],
295 silly audit   nwsapi: [ '2.2.20' ],
295 silly audit   parse5: [ '7.2.1' ],
295 silly audit   'rrweb-cssom': [ '0.8.0' ],
295 silly audit   saxes: [ '6.0.0' ],
295 silly audit   'symbol-tree': [ '3.2.4' ],
295 silly audit   'tough-cookie': [ '5.1.2' ],
295 silly audit   'w3c-xmlserializer': [ '5.0.0' ],
295 silly audit   'webidl-conversions': [ '7.0.0' ],
295 silly audit   'whatwg-encoding': [ '3.1.1' ],
295 silly audit   'whatwg-mimetype': [ '4.0.0' ],
295 silly audit   'whatwg-url': [ '14.2.0' ],
295 silly audit   ws: [ '8.18.1' ],
295 silly audit   'xml-name-validator': [ '5.0.0' ],
295 silly audit   '@asamuzakjp/css-color': [ '3.1.1' ],
295 silly audit   '@csstools/css-calc': [ '2.1.2' ],
295 silly audit   '@csstools/css-parser-algorithms': [ '3.0.4' ],
295 silly audit   '@csstools/css-tokenizer': [ '3.0.3' ],
295 silly audit   '@csstools/css-color-parser': [ '3.0.8' ],
295 silly audit   'lru-cache': [ '10.4.3' ],
295 silly audit   '@csstools/color-helpers': [ '5.0.2' ],
295 silly audit   asynckit: [ '0.4.0' ],
295 silly audit   'combined-stream': [ '1.0.8' ],
295 silly audit   'es-set-tostringtag': [ '2.1.0' ],
295 silly audit   'mime-types': [ '2.1.35' ],
295 silly audit   'delayed-stream': [ '1.0.0' ],
295 silly audit   'es-errors': [ '1.3.0' ],
295 silly audit   'get-intrinsic': [ '1.3.0' ],
295 silly audit   'has-tostringtag': [ '1.0.2' ],
295 silly audit   hasown: [ '2.0.2' ],
295 silly audit   'call-bind-apply-helpers': [ '1.0.2' ],
295 silly audit   'es-define-property': [ '1.0.1' ],
295 silly audit   'es-object-atoms': [ '1.1.1' ],
295 silly audit   'function-bind': [ '1.1.2' ],
295 silly audit   'get-proto': [ '1.0.1' ],
295 silly audit   gopd: [ '1.2.0' ],
295 silly audit   'has-symbols': [ '1.1.0' ],
295 silly audit   'math-intrinsics': [ '1.1.0' ],
295 silly audit   'dunder-proto': [ '1.0.1' ],
295 silly audit   'agent-base': [ '7.1.3' ],
295 silly audit   debug: [ '4.4.0' ],
295 silly audit   ms: [ '2.1.3' ],
295 silly audit   'mime-db': [ '1.52.0' ],
295 silly audit   entities: [ '4.5.0' ],
295 silly audit   xmlchars: [ '2.2.0' ],
295 silly audit   tldts: [ '6.1.85' ],
295 silly audit   'tldts-core': [ '6.1.85' ],
295 silly audit   'iconv-lite': [ '0.6.3' ],
295 silly audit   'safer-buffer': [ '2.1.2' ],
295 silly audit   tr46: [ '5.1.0' ],
295 silly audit   punycode: [ '2.3.1' ]
295 silly audit }
296 silly tarball no local data for punycode@https://registry.npmjs.org/punycode/-/punycode-2.3.1.tgz. Extracting by manifest.
297 silly tarball no local data for tr46@https://registry.npmjs.org/tr46/-/tr46-5.1.0.tgz. Extracting by manifest.
298 silly tarball no local data for safer-buffer@https://registry.npmjs.org/safer-buffer/-/safer-buffer-2.1.2.tgz. Extracting by manifest.
299 silly tarball no local data for iconv-lite@https://registry.npmjs.org/iconv-lite/-/iconv-lite-0.6.3.tgz. Extracting by manifest.
300 silly tarball no local data for tldts-core@https://registry.npmjs.org/tldts-core/-/tldts-core-6.1.85.tgz. Extracting by manifest.
301 silly tarball no local data for tldts@https://registry.npmjs.org/tldts/-/tldts-6.1.85.tgz. Extracting by manifest.
302 silly tarball no local data for xmlchars@https://registry.npmjs.org/xmlchars/-/xmlchars-2.2.0.tgz. Extracting by manifest.
303 silly tarball no local data for entities@https://registry.npmjs.org/entities/-/entities-4.5.0.tgz. Extracting by manifest.
304 silly tarball no local data for mime-db@https://registry.npmjs.org/mime-db/-/mime-db-1.52.0.tgz. Extracting by manifest.
305 silly tarball no local data for ms@https://registry.npmjs.org/ms/-/ms-2.1.3.tgz. Extracting by manifest.
306 silly tarball no local data for debug@https://registry.npmjs.org/debug/-/debug-4.4.0.tgz. Extracting by manifest.
307 silly tarball no local data for agent-base@https://registry.npmjs.org/agent-base/-/agent-base-7.1.3.tgz. Extracting by manifest.
308 silly tarball no local data for dunder-proto@https://registry.npmjs.org/dunder-proto/-/dunder-proto-1.0.1.tgz. Extracting by manifest.
309 silly tarball no local data for math-intrinsics@https://registry.npmjs.org/math-intrinsics/-/math-intrinsics-1.1.0.tgz. Extracting by manifest.
310 silly tarball no local data for has-symbols@https://registry.npmjs.org/has-symbols/-/has-symbols-1.1.0.tgz. Extracting by manifest.
311 silly tarball no local data for gopd@https://registry.npmjs.org/gopd/-/gopd-1.2.0.tgz. Extracting by manifest.
312 silly tarball no local data for get-proto@https://registry.npmjs.org/get-proto/-/get-proto-1.0.1.tgz. Extracting by manifest.
313 silly tarball no local data for function-bind@https://registry.npmjs.org/function-bind/-/function-bind-1.1.2.tgz. Extracting by manifest.
314 silly tarball no local data for es-object-atoms@https://registry.npmjs.org/es-object-atoms/-/es-object-atoms-1.1.1.tgz. Extracting by manifest.
315 silly tarball no local data for es-define-property@https://registry.npmjs.org/es-define-property/-/es-define-property-1.0.1.tgz. Extracting by manifest.
316 silly tarball no local data for call-bind-apply-helpers@https://registry.npmjs.org/call-bind-apply-helpers/-/call-bind-apply-helpers-1.0.2.tgz. Extracting by manifest.
317 silly tarball no local data for hasown@https://registry.npmjs.org/hasown/-/hasown-2.0.2.tgz. Extracting by manifest.
318 silly tarball no local data for has-tostringtag@https://registry.npmjs.org/has-tostringtag/-/has-tostringtag-1.0.2.tgz. Extracting by manifest.
319 silly tarball no local data for get-intrinsic@https://registry.npmjs.org/get-intrinsic/-/get-intrinsic-1.3.0.tgz. Extracting by manifest.
320 silly tarball no local data for es-errors@https://registry.npmjs.org/es-errors/-/es-errors-1.3.0.tgz. Extracting by manifest.
321 silly tarball no local data for delayed-stream@https://registry.npmjs.org/delayed-stream/-/delayed-stream-1.0.0.tgz. Extracting by manifest.
322 silly tarball no local data for mime-types@https://registry.npmjs.org/mime-types/-/mime-types-2.1.35.tgz. Extracting by manifest.
323 silly tarball no local data for es-set-tostringtag@https://registry.npmjs.org/es-set-tostringtag/-/es-set-tostringtag-2.1.0.tgz. Extracting by manifest.
324 silly tarball no local data for combined-stream@https://registry.npmjs.org/combined-stream/-/combined-stream-1.0.8.tgz. Extracting by manifest.
325 silly tarball no local data for asynckit@https://registry.npmjs.org/asynckit/-/asynckit-0.4.0.tgz. Extracting by manifest.
326 silly tarball no local data for @csstools/color-helpers@https://registry.npmjs.org/@csstools/color-helpers/-/color-helpers-5.0.2.tgz. Extracting by manifest.
327 silly tarball no local data for lru-cache@https://registry.npmjs.org/lru-cache/-/lru-cache-10.4.3.tgz. Extracting by manifest.
328 silly tarball no local data for @csstools/css-color-parser@https://registry.npmjs.org/@csstools/css-color-parser/-/css-color-parser-3.0.8.tgz. Extracting by manifest.
329 silly tarball no local data for @csstools/css-tokenizer@https://registry.npmjs.org/@csstools/css-tokenizer/-/css-tokenizer-3.0.3.tgz. Extracting by manifest.
330 silly tarball no local data for @csstools/css-parser-algorithms@https://registry.npmjs.org/@csstools/css-parser-algorithms/-/css-parser-algorithms-3.0.4.tgz. Extracting by manifest.
331 silly tarball no local data for @csstools/css-calc@https://registry.npmjs.org/@csstools/css-calc/-/css-calc-2.1.2.tgz. Extracting by manifest.
332 silly tarball no local data for @asamuzakjp/css-color@https://registry.npmjs.org/@asamuzakjp/css-color/-/css-color-3.1.1.tgz. Extracting by manifest.
333 silly tarball no local data for xml-name-validator@https://registry.npmjs.org/xml-name-validator/-/xml-name-validator-5.0.0.tgz. Extracting by manifest.
334 silly tarball no local data for ws@https://registry.npmjs.org/ws/-/ws-8.18.1.tgz. Extracting by manifest.
335 silly tarball no local data for whatwg-url@https://registry.npmjs.org/whatwg-url/-/whatwg-url-14.2.0.tgz. Extracting by manifest.
336 silly tarball no local data for whatwg-mimetype@https://registry.npmjs.org/whatwg-mimetype/-/whatwg-mimetype-4.0.0.tgz. Extracting by manifest.
337 silly tarball no local data for whatwg-encoding@https://registry.npmjs.org/whatwg-encoding/-/whatwg-encoding-3.1.1.tgz. Extracting by manifest.
338 silly tarball no local data for webidl-conversions@https://registry.npmjs.org/webidl-conversions/-/webidl-conversions-7.0.0.tgz. Extracting by manifest.
339 silly tarball no local data for w3c-xmlserializer@https://registry.npmjs.org/w3c-xmlserializer/-/w3c-xmlserializer-5.0.0.tgz. Extracting by manifest.
340 silly tarball no local data for tough-cookie@https://registry.npmjs.org/tough-cookie/-/tough-cookie-5.1.2.tgz. Extracting by manifest.
341 silly tarball no local data for symbol-tree@https://registry.npmjs.org/symbol-tree/-/symbol-tree-3.2.4.tgz. Extracting by manifest.
342 silly tarball no local data for saxes@https://registry.npmjs.org/saxes/-/saxes-6.0.0.tgz. Extracting by manifest.
343 silly tarball no local data for rrweb-cssom@https://registry.npmjs.org/rrweb-cssom/-/rrweb-cssom-0.8.0.tgz. Extracting by manifest.
344 silly tarball no local data for parse5@https://registry.npmjs.org/parse5/-/parse5-7.2.1.tgz. Extracting by manifest.
345 silly tarball no local data for nwsapi@https://registry.npmjs.org/nwsapi/-/nwsapi-2.2.20.tgz. Extracting by manifest.
346 silly tarball no local data for is-potential-custom-element-name@https://registry.npmjs.org/is-potential-custom-element-name/-/is-potential-custom-element-name-1.0.1.tgz. Extracting by manifest.
347 silly tarball no local data for https-proxy-agent@https://registry.npmjs.org/https-proxy-agent/-/https-proxy-agent-7.0.6.tgz. Extracting by manifest.
348 silly tarball no local data for http-proxy-agent@https://registry.npmjs.org/http-proxy-agent/-/http-proxy-agent-7.0.2.tgz. Extracting by manifest.
349 silly tarball no local data for html-encoding-sniffer@https://registry.npmjs.org/html-encoding-sniffer/-/html-encoding-sniffer-4.0.0.tgz. Extracting by manifest.
350 silly tarball no local data for decimal.js@https://registry.npmjs.org/decimal.js/-/decimal.js-10.5.0.tgz. Extracting by manifest.
351 silly tarball no local data for form-data@https://registry.npmjs.org/form-data/-/form-data-4.0.2.tgz. Extracting by manifest.
352 silly tarball no local data for data-urls@https://registry.npmjs.org/data-urls/-/data-urls-5.0.0.tgz. Extracting by manifest.
353 silly tarball no local data for cssstyle@https://registry.npmjs.org/cssstyle/-/cssstyle-4.3.0.tgz. Extracting by manifest.
354 silly tarball no local data for jsdom@https://registry.npmjs.org/jsdom/-/jsdom-26.0.0.tgz. Extracting by manifest.
355 http fetch POST 200 https://registry.npmjs.org/-/npm/v1/security/advisories/bulk 314ms
356 timing auditReport:getReport Completed in 319ms
357 silly audit report {}
358 timing auditReport:init Completed in 0ms
359 timing reify:audit Completed in 320ms
360 http fetch GET 200 https://registry.npmjs.org/punycode/-/punycode-2.3.1.tgz 659ms (cache miss)
361 timing reifyNode:node_modules/punycode Completed in 738ms
362 http fetch GET 200 https://registry.npmjs.org/es-errors/-/es-errors-1.3.0.tgz 634ms (cache miss)
363 http fetch GET 200 https://registry.npmjs.org/gopd/-/gopd-1.2.0.tgz 687ms (cache miss)
364 http fetch GET 200 https://registry.npmjs.org/has-symbols/-/has-symbols-1.1.0.tgz 710ms (cache miss)
365 http fetch GET 200 https://registry.npmjs.org/delayed-stream/-/delayed-stream-1.0.0.tgz 663ms (cache miss)
366 timing reifyNode:node_modules/delayed-stream Completed in 786ms
367 http fetch GET 200 https://registry.npmjs.org/es-set-tostringtag/-/es-set-tostringtag-2.1.0.tgz 661ms (cache miss)
368 http fetch GET 200 https://registry.npmjs.org/combined-stream/-/combined-stream-1.0.8.tgz 661ms (cache miss)
369 timing reifyNode:node_modules/combined-stream Completed in 788ms
370 http fetch GET 200 https://registry.npmjs.org/whatwg-encoding/-/whatwg-encoding-3.1.1.tgz 638ms (cache miss)
371 http fetch GET 200 https://registry.npmjs.org/webidl-conversions/-/webidl-conversions-7.0.0.tgz 637ms (cache miss)
372 timing reifyNode:node_modules/webidl-conversions Completed in 790ms
373 timing reifyNode:node_modules/whatwg-encoding Completed in 791ms
374 http fetch GET 200 https://registry.npmjs.org/ms/-/ms-2.1.3.tgz 740ms (cache miss)
375 timing reifyNode:node_modules/ms Completed in 808ms
376 http fetch GET 200 https://registry.npmjs.org/es-define-property/-/es-define-property-1.0.1.tgz 711ms (cache miss)
377 http fetch GET 200 https://registry.npmjs.org/mime-types/-/mime-types-2.1.35.tgz 686ms (cache miss)
378 timing reifyNode:node_modules/mime-types Completed in 811ms
379 http fetch GET 200 https://registry.npmjs.org/xml-name-validator/-/xml-name-validator-5.0.0.tgz 668ms (cache miss)
380 timing reifyNode:node_modules/xml-name-validator Completed in 811ms
381 timing reifyNode:node_modules/es-define-property Completed in 819ms
382 http fetch GET 200 https://registry.npmjs.org/@csstools/css-tokenizer/-/css-tokenizer-3.0.3.tgz 682ms (cache miss)
383 http fetch GET 200 https://registry.npmjs.org/w3c-xmlserializer/-/w3c-xmlserializer-5.0.0.tgz 668ms (cache miss)
384 timing reifyNode:node_modules/w3c-xmlserializer Completed in 822ms
385 http fetch GET 200 https://registry.npmjs.org/symbol-tree/-/symbol-tree-3.2.4.tgz 667ms (cache miss)
386 http fetch GET 200 https://registry.npmjs.org/is-potential-custom-element-name/-/is-potential-custom-element-name-1.0.1.tgz 663ms (cache miss)
387 timing reifyNode:node_modules/is-potential-custom-element-name Completed in 828ms
388 http fetch GET 200 https://registry.npmjs.org/hasown/-/hasown-2.0.2.tgz 718ms (cache miss)
389 http fetch GET 200 https://registry.npmjs.org/get-intrinsic/-/get-intrinsic-1.3.0.tgz 710ms (cache miss)
390 timing reifyNode:node_modules/es-set-tostringtag Completed in 838ms
391 http fetch GET 200 https://registry.npmjs.org/whatwg-mimetype/-/whatwg-mimetype-4.0.0.tgz 691ms (cache miss)
392 timing reifyNode:node_modules/whatwg-mimetype Completed in 840ms
393 http fetch GET 200 https://registry.npmjs.org/html-encoding-sniffer/-/html-encoding-sniffer-4.0.0.tgz 668ms (cache miss)
394 timing reifyNode:node_modules/html-encoding-sniffer Completed in 843ms
395 http fetch GET 200 https://registry.npmjs.org/data-urls/-/data-urls-5.0.0.tgz 661ms (cache miss)
396 timing reifyNode:node_modules/data-urls Completed in 843ms
397 timing reifyNode:node_modules/gopd Completed in 846ms
398 http fetch GET 200 https://registry.npmjs.org/get-proto/-/get-proto-1.0.1.tgz 766ms (cache miss)
399 timing reifyNode:node_modules/hasown Completed in 849ms
400 http fetch GET 200 https://registry.npmjs.org/http-proxy-agent/-/http-proxy-agent-7.0.2.tgz 680ms (cache miss)
401 http fetch GET 200 https://registry.npmjs.org/function-bind/-/function-bind-1.1.2.tgz 778ms (cache miss)
402 timing reifyNode:node_modules/symbol-tree Completed in 865ms
403 http fetch GET 200 https://registry.npmjs.org/form-data/-/form-data-4.0.2.tgz 688ms (cache miss)
404 timing reifyNode:node_modules/get-intrinsic Completed in 870ms
405 http fetch GET 200 https://registry.npmjs.org/@csstools/css-color-parser/-/css-color-parser-3.0.8.tgz 734ms (cache miss)
406 timing reifyNode:node_modules/@csstools/css-tokenizer Completed in 872ms
407 timing reifyNode:node_modules/form-data Completed in 874ms
408 http fetch GET 200 https://registry.npmjs.org/safer-buffer/-/safer-buffer-2.1.2.tgz 826ms (cache miss)
409 timing reifyNode:node_modules/safer-buffer Completed in 877ms
410 timing reifyNode:node_modules/get-proto Completed in 878ms
411 http fetch GET 200 https://registry.npmjs.org/@csstools/color-helpers/-/color-helpers-5.0.2.tgz 748ms (cache miss)
412 timing reifyNode:node_modules/http-proxy-agent Completed in 880ms
413 timing reifyNode:node_modules/function-bind Completed in 886ms
414 http fetch GET 200 https://registry.npmjs.org/es-object-atoms/-/es-object-atoms-1.1.1.tgz 804ms (cache miss)
415 timing reifyNode:node_modules/@csstools/color-helpers Completed in 890ms
416 timing reifyNode:node_modules/@csstools/css-color-parser Completed in 890ms
417 http fetch GET 200 https://registry.npmjs.org/has-tostringtag/-/has-tostringtag-1.0.2.tgz 776ms (cache miss)
418 http fetch GET 200 https://registry.npmjs.org/asynckit/-/asynckit-0.4.0.tgz 774ms (cache miss)
419 http fetch GET 200 https://registry.npmjs.org/dunder-proto/-/dunder-proto-1.0.1.tgz 835ms (cache miss)
420 timing reifyNode:node_modules/dunder-proto Completed in 907ms
421 timing reifyNode:node_modules/has-symbols Completed in 908ms
422 timing reifyNode:node_modules/es-object-atoms Completed in 907ms
423 timing reifyNode:node_modules/has-tostringtag Completed in 913ms
424 http fetch GET 200 https://registry.npmjs.org/@csstools/css-parser-algorithms/-/css-parser-algorithms-3.0.4.tgz 774ms (cache miss)
425 timing reifyNode:node_modules/@csstools/css-parser-algorithms Completed in 914ms
426 http fetch GET 200 https://registry.npmjs.org/mime-db/-/mime-db-1.52.0.tgz 856ms (cache miss)
427 timing reifyNode:node_modules/mime-db Completed in 918ms
428 http fetch GET 200 https://registry.npmjs.org/agent-base/-/agent-base-7.1.3.tgz 849ms (cache miss)
429 timing reifyNode:node_modules/agent-base Completed in 919ms
430 http fetch GET 200 https://registry.npmjs.org/https-proxy-agent/-/https-proxy-agent-7.0.6.tgz 745ms (cache miss)
431 http fetch GET 200 https://registry.npmjs.org/call-bind-apply-helpers/-/call-bind-apply-helpers-1.0.2.tgz 818ms (cache miss)
432 timing reifyNode:node_modules/asynckit Completed in 919ms
433 http fetch GET 200 https://registry.npmjs.org/@csstools/css-calc/-/css-calc-2.1.2.tgz 788ms (cache miss)
434 timing reifyNode:node_modules/@csstools/css-calc Completed in 929ms
435 timing reifyNode:node_modules/https-proxy-agent Completed in 933ms
436 timing reifyNode:node_modules/call-bind-apply-helpers Completed in 934ms
437 timing reifyNode:node_modules/es-errors Completed in 935ms
438 http fetch GET 200 https://registry.npmjs.org/nwsapi/-/nwsapi-2.2.20.tgz 772ms (cache miss)
439 timing reifyNode:node_modules/nwsapi Completed in 935ms
440 http fetch GET 200 https://registry.npmjs.org/xmlchars/-/xmlchars-2.2.0.tgz 880ms (cache miss)
441 http fetch GET 200 https://registry.npmjs.org/whatwg-url/-/whatwg-url-14.2.0.tgz 793ms (cache miss)
442 http fetch GET 200 https://registry.npmjs.org/debug/-/debug-4.4.0.tgz 879ms (cache miss)
443 timing reifyNode:node_modules/debug Completed in 948ms
444 timing reifyNode:node_modules/xmlchars Completed in 952ms
445 timing reifyNode:node_modules/whatwg-url Completed in 951ms
446 http fetch GET 200 https://registry.npmjs.org/saxes/-/saxes-6.0.0.tgz 794ms (cache miss)
447 timing reifyNode:node_modules/saxes Completed in 952ms
448 http fetch GET 200 https://registry.npmjs.org/ws/-/ws-8.18.1.tgz 844ms (cache miss)
449 timing reifyNode:node_modules/ws Completed in 990ms
450 http fetch GET 200 https://registry.npmjs.org/decimal.js/-/decimal.js-10.5.0.tgz 822ms (cache miss)
451 timing reifyNode:node_modules/decimal.js Completed in 998ms
452 http fetch GET 200 https://registry.npmjs.org/tr46/-/tr46-5.1.0.tgz 951ms (cache miss)
453 timing reifyNode:node_modules/tr46 Completed in 1001ms
454 http fetch GET 200 https://registry.npmjs.org/math-intrinsics/-/math-intrinsics-1.1.0.tgz 932ms (cache miss)
455 http fetch GET 200 https://registry.npmjs.org/rrweb-cssom/-/rrweb-cssom-0.8.0.tgz 847ms (cache miss)
456 timing reifyNode:node_modules/math-intrinsics Completed in 1012ms
457 timing reifyNode:node_modules/rrweb-cssom Completed in 1015ms
458 http fetch GET 200 https://registry.npmjs.org/tough-cookie/-/tough-cookie-5.1.2.tgz 899ms (cache miss)
459 timing reifyNode:node_modules/tough-cookie Completed in 1059ms
460 http fetch GET 200 https://registry.npmjs.org/iconv-lite/-/iconv-lite-0.6.3.tgz 1021ms (cache miss)
461 timing reifyNode:node_modules/iconv-lite Completed in 1079ms
462 http fetch GET 200 https://registry.npmjs.org/entities/-/entities-4.5.0.tgz 1068ms (cache miss)
463 http fetch GET 200 https://registry.npmjs.org/cssstyle/-/cssstyle-4.3.0.tgz 941ms (cache miss)
464 timing reifyNode:node_modules/entities Completed in 1130ms
465 timing reifyNode:node_modules/cssstyle Completed in 1130ms
466 http fetch GET 200 https://registry.npmjs.org/lru-cache/-/lru-cache-10.4.3.tgz 1013ms (cache miss)
467 timing reifyNode:node_modules/lru-cache Completed in 1148ms
468 http fetch GET 200 https://registry.npmjs.org/tldts-core/-/tldts-core-6.1.85.tgz 1103ms (cache miss)
469 timing reifyNode:node_modules/tldts-core Completed in 1157ms
470 http fetch GET 200 https://registry.npmjs.org/parse5/-/parse5-7.2.1.tgz 1022ms (cache miss)
471 timing reifyNode:node_modules/parse5 Completed in 1187ms
472 http fetch GET 200 https://registry.npmjs.org/@asamuzakjp/css-color/-/css-color-3.1.1.tgz 1083ms (cache miss)
473 timing reifyNode:node_modules/@asamuzakjp/css-color Completed in 1226ms
474 http fetch GET 200 https://registry.npmjs.org/tldts/-/tldts-6.1.85.tgz 1184ms (cache miss)
475 timing reifyNode:node_modules/tldts Completed in 1242ms
476 http fetch GET 200 https://registry.npmjs.org/jsdom/-/jsdom-26.0.0.tgz 1199ms (cache miss)
477 timing reifyNode:node_modules/jsdom Completed in 1387ms
478 timing reify:unpack Completed in 1391ms
479 timing reify:unretire Completed in 0ms
480 timing build:queue Completed in 3ms
481 timing build:link:node_modules/tldts Completed in 6ms
482 timing build:link Completed in 6ms
483 timing build:deps Completed in 10ms
484 timing build Completed in 10ms
485 timing reify:build Completed in 10ms
486 timing reify:trash Completed in 0ms
487 timing reify:save Completed in 21ms
488 timing reify Completed in 3280ms
489 silly ADD node_modules/punycode
490 silly ADD node_modules/tr46
491 silly ADD node_modules/safer-buffer
492 silly ADD node_modules/iconv-lite
493 silly ADD node_modules/tldts-core
494 silly ADD node_modules/tldts
495 silly ADD node_modules/xmlchars
496 silly ADD node_modules/entities
497 silly ADD node_modules/mime-db
498 silly ADD node_modules/ms
499 silly ADD node_modules/debug
500 silly ADD node_modules/agent-base
501 silly ADD node_modules/dunder-proto
502 silly ADD node_modules/math-intrinsics
503 silly ADD node_modules/has-symbols
504 silly ADD node_modules/gopd
505 silly ADD node_modules/get-proto
506 silly ADD node_modules/function-bind
507 silly ADD node_modules/es-object-atoms
508 silly ADD node_modules/es-define-property
509 silly ADD node_modules/call-bind-apply-helpers
510 silly ADD node_modules/hasown
511 silly ADD node_modules/has-tostringtag
512 silly ADD node_modules/get-intrinsic
513 silly ADD node_modules/es-errors
514 silly ADD node_modules/delayed-stream
515 silly ADD node_modules/mime-types
516 silly ADD node_modules/es-set-tostringtag
517 silly ADD node_modules/combined-stream
518 silly ADD node_modules/asynckit
519 silly ADD node_modules/@csstools/color-helpers
520 silly ADD node_modules/lru-cache
521 silly ADD node_modules/@csstools/css-color-parser
522 silly ADD node_modules/@csstools/css-tokenizer
523 silly ADD node_modules/@csstools/css-parser-algorithms
524 silly ADD node_modules/@csstools/css-calc
525 silly ADD node_modules/@asamuzakjp/css-color
526 silly ADD node_modules/xml-name-validator
527 silly ADD node_modules/ws
528 silly ADD node_modules/whatwg-url
529 silly ADD node_modules/whatwg-mimetype
530 silly ADD node_modules/whatwg-encoding
531 silly ADD node_modules/webidl-conversions
532 silly ADD node_modules/w3c-xmlserializer
533 silly ADD node_modules/tough-cookie
534 silly ADD node_modules/symbol-tree
535 silly ADD node_modules/saxes
536 silly ADD node_modules/rrweb-cssom
537 silly ADD node_modules/parse5
538 silly ADD node_modules/nwsapi
539 silly ADD node_modules/is-potential-custom-element-name
540 silly ADD node_modules/https-proxy-agent
541 silly ADD node_modules/http-proxy-agent
542 silly ADD node_modules/html-encoding-sniffer
543 silly ADD node_modules/form-data
544 silly ADD node_modules/decimal.js
545 silly ADD node_modules/data-urls
546 silly ADD node_modules/cssstyle
547 silly ADD node_modules/jsdom
548 timing command:install Completed in 3291ms
549 verbose exit 0
550 timing npm Completed in 3345ms
551 info ok
