0 verbose cli /usr/bin/node /usr/bin/npm
1 info using npm@9.2.0
2 info using node@v18.19.0
3 timing npm:load:whichnode Completed in 1ms
4 timing config:load:defaults Completed in 2ms
5 timing config:load:file:/usr/share/nodejs/npm/npmrc Completed in 3ms
6 timing config:load:builtin Completed in 4ms
7 timing config:load:cli Completed in 2ms
8 timing config:load:env Completed in 0ms
9 timing config:load:project Completed in 1ms
10 timing config:load:file:/home/user/.npmrc Completed in 0ms
11 timing config:load:user Completed in 0ms
12 timing config:load:file:/etc/npmrc Completed in 1ms
13 timing config:load:global Completed in 1ms
14 timing config:load:setEnvs Completed in 1ms
15 timing config:load Completed in 13ms
16 timing npm:load:configload Completed in 13ms
17 timing npm:load:mkdirpcache Completed in 1ms
18 timing npm:load:mkdirplogs Completed in 0ms
19 verbose title npm install canvas
20 verbose argv "install" "canvas"
21 timing npm:load:setTitle Completed in 2ms
22 timing config:load:flatten Completed in 5ms
23 timing npm:load:display Completed in 6ms
24 verbose logfile logs-max:10 dir:/home/user/.npm/_logs/2025-04-02T19_17_59_210Z-
25 verbose logfile /home/user/.npm/_logs/2025-04-02T19_17_59_210Z-debug-0.log
26 timing npm:load:logFile Completed in 7ms
27 timing npm:load:timers Completed in 0ms
28 timing npm:load:configScope Completed in 0ms
29 timing npm:load Completed in 30ms
30 silly logfile done cleaning log files
31 timing config:load:flatten Completed in 0ms
32 timing arborist:ctor Completed in 1ms
33 timing idealTree:init Completed in 89ms
34 timing idealTree:userRequests Completed in 3ms
35 silly idealTree buildDeps
36 silly fetch manifest canvas@*
37 timing arborist:ctor Completed in 1ms
38 http fetch GET 200 https://registry.npmjs.org/canvas 67ms (cache hit)
39 silly placeDep ROOT canvas@3.1.0 OK for: user@1.0.0 want: *
40 silly fetch manifest node-addon-api@^7.0.0
41 silly fetch manifest prebuild-install@^7.1.1
42 http fetch GET 200 https://registry.npmjs.org/prebuild-install 172ms (cache miss)
43 http fetch GET 200 https://registry.npmjs.org/node-addon-api 175ms (cache miss)
44 timing idealTree:#root Completed in 257ms
45 silly placeDep ROOT node-addon-api@7.1.1 OK for: canvas@3.1.0 want: ^7.0.0
46 silly placeDep ROOT prebuild-install@7.1.3 OK for: canvas@3.1.0 want: ^7.1.1
47 silly fetch manifest detect-libc@^2.0.0
48 silly fetch manifest expand-template@^2.0.3
49 silly fetch manifest github-from-package@0.0.0
50 silly fetch manifest minimist@^1.2.3
51 silly fetch manifest mkdirp-classic@^0.5.3
52 silly fetch manifest napi-build-utils@^2.0.0
53 silly fetch manifest node-abi@^3.3.0
54 silly fetch manifest pump@^3.0.0
55 silly fetch manifest rc@^1.2.7
56 silly fetch manifest simple-get@^4.0.0
57 silly fetch manifest tar-fs@^2.0.0
58 silly fetch manifest tunnel-agent@^0.6.0
59 http fetch GET 200 https://registry.npmjs.org/detect-libc 83ms (cache miss)
60 http fetch GET 200 https://registry.npmjs.org/expand-template 84ms (cache miss)
61 http fetch GET 200 https://registry.npmjs.org/napi-build-utils 150ms (cache miss)
62 http fetch GET 200 https://registry.npmjs.org/github-from-package 155ms (cache miss)
63 http fetch GET 200 https://registry.npmjs.org/tunnel-agent 150ms (cache miss)
64 http fetch GET 200 https://registry.npmjs.org/mkdirp-classic 161ms (cache miss)
65 http fetch GET 200 https://registry.npmjs.org/pump 162ms (cache miss)
66 http fetch GET 200 https://registry.npmjs.org/rc 165ms (cache miss)
67 http fetch GET 200 https://registry.npmjs.org/tar-fs 165ms (cache miss)
68 http fetch GET 200 https://registry.npmjs.org/simple-get 170ms (cache miss)
69 http fetch GET 200 https://registry.npmjs.org/minimist 175ms (cache miss)
70 http fetch GET 200 https://registry.npmjs.org/node-abi 179ms (cache miss)
71 timing idealTree:node_modules/canvas Completed in 195ms
72 timing idealTree:node_modules/node-addon-api Completed in 0ms
73 silly placeDep ROOT detect-libc@2.0.3 OK for: prebuild-install@7.1.3 want: ^2.0.0
74 silly placeDep ROOT expand-template@2.0.3 OK for: prebuild-install@7.1.3 want: ^2.0.3
75 silly placeDep ROOT github-from-package@0.0.0 OK for: prebuild-install@7.1.3 want: 0.0.0
76 silly placeDep ROOT minimist@1.2.8 OK for: prebuild-install@7.1.3 want: ^1.2.3
77 silly placeDep ROOT mkdirp-classic@0.5.3 OK for: prebuild-install@7.1.3 want: ^0.5.3
78 silly placeDep ROOT napi-build-utils@2.0.0 OK for: prebuild-install@7.1.3 want: ^2.0.0
79 silly placeDep ROOT node-abi@3.74.0 OK for: prebuild-install@7.1.3 want: ^3.3.0
80 silly placeDep ROOT pump@3.0.2 OK for: prebuild-install@7.1.3 want: ^3.0.0
81 silly placeDep ROOT rc@1.2.8 OK for: prebuild-install@7.1.3 want: ^1.2.7
82 silly placeDep ROOT simple-get@4.0.1 OK for: prebuild-install@7.1.3 want: ^4.0.0
83 silly placeDep ROOT tar-fs@2.1.2 OK for: prebuild-install@7.1.3 want: ^2.0.0
84 silly placeDep ROOT tunnel-agent@0.6.0 OK for: prebuild-install@7.1.3 want: ^0.6.0
85 silly fetch manifest semver@^7.3.5
86 silly fetch manifest once@^1.3.1
87 silly fetch manifest end-of-stream@^1.1.0
88 silly fetch manifest ini@~1.3.0
89 silly fetch manifest deep-extend@^0.6.0
90 silly fetch manifest strip-json-comments@~2.0.1
91 silly fetch manifest decompress-response@^6.0.0
92 silly fetch manifest simple-concat@^1.0.0
93 silly fetch manifest chownr@^1.1.1
94 silly fetch manifest tar-stream@^2.1.4
95 silly fetch manifest safe-buffer@^5.0.1
96 http fetch GET 200 https://registry.npmjs.org/once 74ms (cache miss)
97 http fetch GET 200 https://registry.npmjs.org/end-of-stream 82ms (cache miss)
98 http fetch GET 200 https://registry.npmjs.org/simple-concat 79ms (cache miss)
99 http fetch GET 200 https://registry.npmjs.org/strip-json-comments 82ms (cache miss)
100 http fetch GET 200 https://registry.npmjs.org/chownr 85ms (cache miss)
101 http fetch GET 200 https://registry.npmjs.org/safe-buffer 84ms (cache miss)
102 http fetch GET 200 https://registry.npmjs.org/decompress-response 89ms (cache miss)
103 http fetch GET 200 https://registry.npmjs.org/ini 92ms (cache miss)
104 http fetch GET 200 https://registry.npmjs.org/tar-stream 91ms (cache miss)
105 http fetch GET 200 https://registry.npmjs.org/semver 99ms (cache miss)
106 http fetch GET 200 https://registry.npmjs.org/deep-extend 128ms (cache miss)
107 timing idealTree:node_modules/prebuild-install Completed in 153ms
108 timing idealTree:node_modules/detect-libc Completed in 0ms
109 timing idealTree:node_modules/expand-template Completed in 0ms
110 timing idealTree:node_modules/github-from-package Completed in 0ms
111 timing idealTree:node_modules/minimist Completed in 0ms
112 timing idealTree:node_modules/mkdirp-classic Completed in 0ms
113 timing idealTree:node_modules/napi-build-utils Completed in 0ms
114 silly placeDep ROOT semver@7.7.1 OK for: node-abi@3.74.0 want: ^7.3.5
115 timing idealTree:node_modules/node-abi Completed in 2ms
116 silly placeDep ROOT end-of-stream@1.4.4 OK for: pump@3.0.2 want: ^1.1.0
117 silly placeDep ROOT once@1.4.0 OK for: pump@3.0.2 want: ^1.3.1
118 silly fetch manifest wrappy@1
119 http fetch GET 200 https://registry.npmjs.org/wrappy 43ms (cache miss)
120 timing idealTree:node_modules/pump Completed in 49ms
121 timing idealTree:node_modules/end-of-stream Completed in 0ms
122 silly placeDep ROOT wrappy@1.0.2 OK for: once@1.4.0 want: 1
123 timing idealTree:node_modules/once Completed in 2ms
124 silly placeDep ROOT deep-extend@0.6.0 OK for: rc@1.2.8 want: ^0.6.0
125 silly placeDep ROOT ini@1.3.8 OK for: rc@1.2.8 want: ~1.3.0
126 silly placeDep ROOT strip-json-comments@2.0.1 OK for: rc@1.2.8 want: ~2.0.1
127 timing idealTree:node_modules/rc Completed in 4ms
128 timing idealTree:node_modules/deep-extend Completed in 0ms
129 timing idealTree:node_modules/ini Completed in 0ms
130 timing idealTree:node_modules/semver Completed in 0ms
131 silly placeDep ROOT decompress-response@6.0.0 OK for: simple-get@4.0.1 want: ^6.0.0
132 silly placeDep ROOT simple-concat@1.0.1 OK for: simple-get@4.0.1 want: ^1.0.0
133 silly fetch manifest mimic-response@^3.1.0
134 http fetch GET 200 https://registry.npmjs.org/mimic-response 106ms (cache miss)
135 timing idealTree:node_modules/simple-get Completed in 109ms
136 silly placeDep ROOT mimic-response@3.1.0 OK for: decompress-response@6.0.0 want: ^3.1.0
137 timing idealTree:node_modules/decompress-response Completed in 1ms
138 timing idealTree:node_modules/mimic-response Completed in 0ms
139 timing idealTree:node_modules/simple-concat Completed in 0ms
140 timing idealTree:node_modules/strip-json-comments Completed in 0ms
141 silly placeDep ROOT chownr@1.1.4 OK for: tar-fs@2.1.2 want: ^1.1.1
142 silly placeDep ROOT tar-stream@2.2.0 OK for: tar-fs@2.1.2 want: ^2.1.4
143 silly fetch manifest bl@^4.0.3
144 silly fetch manifest fs-constants@^1.0.0
145 silly fetch manifest inherits@^2.0.3
146 silly fetch manifest readable-stream@^3.1.1
147 http fetch GET 200 https://registry.npmjs.org/inherits 66ms (cache miss)
148 http fetch GET 200 https://registry.npmjs.org/fs-constants 74ms (cache miss)
149 http fetch GET 200 https://registry.npmjs.org/bl 79ms (cache miss)
150 http fetch GET 200 https://registry.npmjs.org/readable-stream 78ms (cache miss)
151 timing idealTree:node_modules/tar-fs Completed in 89ms
152 timing idealTree:node_modules/chownr Completed in 0ms
153 silly placeDep ROOT bl@4.1.0 OK for: tar-stream@2.2.0 want: ^4.0.3
154 silly placeDep ROOT fs-constants@1.0.0 OK for: tar-stream@2.2.0 want: ^1.0.0
155 silly placeDep ROOT inherits@2.0.4 OK for: tar-stream@2.2.0 want: ^2.0.3
156 silly placeDep ROOT readable-stream@3.6.2 OK for: tar-stream@2.2.0 want: ^3.1.1
157 silly fetch manifest buffer@^5.5.0
158 silly fetch manifest string_decoder@^1.1.1
159 silly fetch manifest util-deprecate@^1.0.1
160 http fetch GET 200 https://registry.npmjs.org/util-deprecate 44ms (cache miss)
161 http fetch GET 200 https://registry.npmjs.org/string_decoder 47ms (cache miss)
162 http fetch GET 200 https://registry.npmjs.org/buffer 50ms (cache miss)
163 timing idealTree:node_modules/tar-stream Completed in 59ms
164 silly placeDep ROOT buffer@5.7.1 OK for: bl@4.1.0 want: ^5.5.0
165 silly fetch manifest base64-js@^1.3.1
166 silly fetch manifest ieee754@^1.1.13
167 http fetch GET 200 https://registry.npmjs.org/ieee754 43ms (cache miss)
168 http fetch GET 200 https://registry.npmjs.org/base64-js 46ms (cache miss)
169 timing idealTree:node_modules/bl Completed in 48ms
170 silly placeDep ROOT base64-js@1.5.1 OK for: buffer@5.7.1 want: ^1.3.1
171 silly placeDep ROOT ieee754@1.2.1 OK for: buffer@5.7.1 want: ^1.1.13
172 timing idealTree:node_modules/buffer Completed in 3ms
173 timing idealTree:node_modules/base64-js Completed in 0ms
174 timing idealTree:node_modules/fs-constants Completed in 0ms
175 timing idealTree:node_modules/ieee754 Completed in 0ms
176 timing idealTree:node_modules/inherits Completed in 0ms
177 silly placeDep ROOT string_decoder@1.3.0 OK for: readable-stream@3.6.2 want: ^1.1.1
178 silly placeDep ROOT util-deprecate@1.0.2 OK for: readable-stream@3.6.2 want: ^1.0.1
179 silly fetch manifest safe-buffer@~5.2.0
180 timing idealTree:node_modules/readable-stream Completed in 3ms
181 silly placeDep ROOT safe-buffer@5.2.1 OK for: string_decoder@1.3.0 want: ~5.2.0
182 timing idealTree:node_modules/string_decoder Completed in 1ms
183 timing idealTree:node_modules/safe-buffer Completed in 0ms
184 timing idealTree:node_modules/tunnel-agent Completed in 0ms
185 timing idealTree:node_modules/util-deprecate Completed in 0ms
186 timing idealTree:node_modules/wrappy Completed in 0ms
187 timing idealTree:buildDeps Completed in 980ms
188 timing idealTree:fixDepFlags Completed in 1ms
189 timing idealTree Completed in 1078ms
190 timing reify:loadTrees Completed in 1080ms
191 timing reify:diffTrees Completed in 5ms
192 silly reify moves {}
193 timing reify:retireShallow Completed in 2ms
194 timing reify:createSparse Completed in 4ms
195 timing reify:loadBundles Completed in 0ms
196 silly audit bulk request {
196 silly audit   '@asamuzakjp/css-color': [ '3.1.1' ],
196 silly audit   '@csstools/color-helpers': [ '5.0.2' ],
196 silly audit   '@csstools/css-calc': [ '2.1.2' ],
196 silly audit   '@csstools/css-color-parser': [ '3.0.8' ],
196 silly audit   '@csstools/css-parser-algorithms': [ '3.0.4' ],
196 silly audit   '@csstools/css-tokenizer': [ '3.0.3' ],
196 silly audit   'agent-base': [ '7.1.3' ],
196 silly audit   asynckit: [ '0.4.0' ],
196 silly audit   'call-bind-apply-helpers': [ '1.0.2' ],
196 silly audit   'combined-stream': [ '1.0.8' ],
196 silly audit   cssstyle: [ '4.3.0' ],
196 silly audit   'data-urls': [ '5.0.0' ],
196 silly audit   debug: [ '4.4.0' ],
196 silly audit   'decimal.js': [ '10.5.0' ],
196 silly audit   'delayed-stream': [ '1.0.0' ],
196 silly audit   'dunder-proto': [ '1.0.1' ],
196 silly audit   entities: [ '4.5.0' ],
196 silly audit   'es-define-property': [ '1.0.1' ],
196 silly audit   'es-errors': [ '1.3.0' ],
196 silly audit   'es-object-atoms': [ '1.1.1' ],
196 silly audit   'es-set-tostringtag': [ '2.1.0' ],
196 silly audit   'form-data': [ '4.0.2' ],
196 silly audit   'function-bind': [ '1.1.2' ],
196 silly audit   'get-intrinsic': [ '1.3.0' ],
196 silly audit   'get-proto': [ '1.0.1' ],
196 silly audit   gopd: [ '1.2.0' ],
196 silly audit   'has-symbols': [ '1.1.0' ],
196 silly audit   'has-tostringtag': [ '1.0.2' ],
196 silly audit   hasown: [ '2.0.2' ],
196 silly audit   'html-encoding-sniffer': [ '4.0.0' ],
196 silly audit   'http-proxy-agent': [ '7.0.2' ],
196 silly audit   'https-proxy-agent': [ '7.0.6' ],
196 silly audit   'iconv-lite': [ '0.6.3' ],
196 silly audit   'is-potential-custom-element-name': [ '1.0.1' ],
196 silly audit   jsdom: [ '26.0.0' ],
196 silly audit   'lru-cache': [ '10.4.3' ],
196 silly audit   'math-intrinsics': [ '1.1.0' ],
196 silly audit   'mime-db': [ '1.52.0' ],
196 silly audit   'mime-types': [ '2.1.35' ],
196 silly audit   ms: [ '2.1.3' ],
196 silly audit   nwsapi: [ '2.2.20' ],
196 silly audit   parse5: [ '7.2.1' ],
196 silly audit   punycode: [ '2.3.1' ],
196 silly audit   'rrweb-cssom': [ '0.8.0' ],
196 silly audit   'safer-buffer': [ '2.1.2' ],
196 silly audit   saxes: [ '6.0.0' ],
196 silly audit   'symbol-tree': [ '3.2.4' ],
196 silly audit   tldts: [ '6.1.85' ],
196 silly audit   'tldts-core': [ '6.1.85' ],
196 silly audit   'tough-cookie': [ '5.1.2' ],
196 silly audit   tr46: [ '5.1.0' ],
196 silly audit   'w3c-xmlserializer': [ '5.0.0' ],
196 silly audit   'webidl-conversions': [ '7.0.0' ],
196 silly audit   'whatwg-encoding': [ '3.1.1' ],
196 silly audit   'whatwg-mimetype': [ '4.0.0' ],
196 silly audit   'whatwg-url': [ '14.2.0' ],
196 silly audit   ws: [ '8.18.1' ],
196 silly audit   'xml-name-validator': [ '5.0.0' ],
196 silly audit   xmlchars: [ '2.2.0' ],
196 silly audit   canvas: [ '3.1.0' ],
196 silly audit   'node-addon-api': [ '7.1.1' ],
196 silly audit   'prebuild-install': [ '7.1.3' ],
196 silly audit   'detect-libc': [ '2.0.3' ],
196 silly audit   'expand-template': [ '2.0.3' ],
196 silly audit   'github-from-package': [ '0.0.0' ],
196 silly audit   minimist: [ '1.2.8' ],
196 silly audit   'mkdirp-classic': [ '0.5.3' ],
196 silly audit   'napi-build-utils': [ '2.0.0' ],
196 silly audit   'node-abi': [ '3.74.0' ],
196 silly audit   pump: [ '3.0.2' ],
196 silly audit   rc: [ '1.2.8' ],
196 silly audit   'simple-get': [ '4.0.1' ],
196 silly audit   'tar-fs': [ '2.1.2' ],
196 silly audit   'tunnel-agent': [ '0.6.0' ],
196 silly audit   semver: [ '7.7.1' ],
196 silly audit   'end-of-stream': [ '1.4.4' ],
196 silly audit   once: [ '1.4.0' ],
196 silly audit   wrappy: [ '1.0.2' ],
196 silly audit   'deep-extend': [ '0.6.0' ],
196 silly audit   ini: [ '1.3.8' ],
196 silly audit   'strip-json-comments': [ '2.0.1' ],
196 silly audit   'decompress-response': [ '6.0.0' ],
196 silly audit   'simple-concat': [ '1.0.1' ],
196 silly audit   'mimic-response': [ '3.1.0' ],
196 silly audit   chownr: [ '1.1.4' ],
196 silly audit   'tar-stream': [ '2.2.0' ],
196 silly audit   bl: [ '4.1.0' ],
196 silly audit   'fs-constants': [ '1.0.0' ],
196 silly audit   inherits: [ '2.0.4' ],
196 silly audit   'readable-stream': [ '3.6.2' ],
196 silly audit   buffer: [ '5.7.1' ],
196 silly audit   'base64-js': [ '1.5.1' ],
196 silly audit   ieee754: [ '1.2.1' ],
196 silly audit   string_decoder: [ '1.3.0' ],
196 silly audit   'util-deprecate': [ '1.0.2' ],
196 silly audit   'safe-buffer': [ '5.2.1' ]
196 silly audit }
197 silly tarball no local data for util-deprecate@https://registry.npmjs.org/util-deprecate/-/util-deprecate-1.0.2.tgz. Extracting by manifest.
198 silly tarball no local data for safe-buffer@https://registry.npmjs.org/safe-buffer/-/safe-buffer-5.2.1.tgz. Extracting by manifest.
199 silly tarball no local data for string_decoder@https://registry.npmjs.org/string_decoder/-/string_decoder-1.3.0.tgz. Extracting by manifest.
200 silly tarball no local data for ieee754@https://registry.npmjs.org/ieee754/-/ieee754-1.2.1.tgz. Extracting by manifest.
201 silly tarball no local data for base64-js@https://registry.npmjs.org/base64-js/-/base64-js-1.5.1.tgz. Extracting by manifest.
202 silly tarball no local data for buffer@https://registry.npmjs.org/buffer/-/buffer-5.7.1.tgz. Extracting by manifest.
203 silly tarball no local data for readable-stream@https://registry.npmjs.org/readable-stream/-/readable-stream-3.6.2.tgz. Extracting by manifest.
204 silly tarball no local data for inherits@https://registry.npmjs.org/inherits/-/inherits-2.0.4.tgz. Extracting by manifest.
205 silly tarball no local data for fs-constants@https://registry.npmjs.org/fs-constants/-/fs-constants-1.0.0.tgz. Extracting by manifest.
206 silly tarball no local data for bl@https://registry.npmjs.org/bl/-/bl-4.1.0.tgz. Extracting by manifest.
207 silly tarball no local data for tar-stream@https://registry.npmjs.org/tar-stream/-/tar-stream-2.2.0.tgz. Extracting by manifest.
208 silly tarball no local data for chownr@https://registry.npmjs.org/chownr/-/chownr-1.1.4.tgz. Extracting by manifest.
209 silly tarball no local data for mimic-response@https://registry.npmjs.org/mimic-response/-/mimic-response-3.1.0.tgz. Extracting by manifest.
210 silly tarball no local data for simple-concat@https://registry.npmjs.org/simple-concat/-/simple-concat-1.0.1.tgz. Extracting by manifest.
211 silly tarball no local data for decompress-response@https://registry.npmjs.org/decompress-response/-/decompress-response-6.0.0.tgz. Extracting by manifest.
212 silly tarball no local data for strip-json-comments@https://registry.npmjs.org/strip-json-comments/-/strip-json-comments-2.0.1.tgz. Extracting by manifest.
213 silly tarball no local data for ini@https://registry.npmjs.org/ini/-/ini-1.3.8.tgz. Extracting by manifest.
214 silly tarball no local data for deep-extend@https://registry.npmjs.org/deep-extend/-/deep-extend-0.6.0.tgz. Extracting by manifest.
215 silly tarball no local data for wrappy@https://registry.npmjs.org/wrappy/-/wrappy-1.0.2.tgz. Extracting by manifest.
216 silly tarball no local data for once@https://registry.npmjs.org/once/-/once-1.4.0.tgz. Extracting by manifest.
217 silly tarball no local data for end-of-stream@https://registry.npmjs.org/end-of-stream/-/end-of-stream-1.4.4.tgz. Extracting by manifest.
218 silly tarball no local data for semver@https://registry.npmjs.org/semver/-/semver-7.7.1.tgz. Extracting by manifest.
219 silly tarball no local data for tunnel-agent@https://registry.npmjs.org/tunnel-agent/-/tunnel-agent-0.6.0.tgz. Extracting by manifest.
220 silly tarball no local data for tar-fs@https://registry.npmjs.org/tar-fs/-/tar-fs-2.1.2.tgz. Extracting by manifest.
221 silly tarball no local data for simple-get@https://registry.npmjs.org/simple-get/-/simple-get-4.0.1.tgz. Extracting by manifest.
222 silly tarball no local data for rc@https://registry.npmjs.org/rc/-/rc-1.2.8.tgz. Extracting by manifest.
223 silly tarball no local data for pump@https://registry.npmjs.org/pump/-/pump-3.0.2.tgz. Extracting by manifest.
224 silly tarball no local data for node-abi@https://registry.npmjs.org/node-abi/-/node-abi-3.74.0.tgz. Extracting by manifest.
225 silly tarball no local data for napi-build-utils@https://registry.npmjs.org/napi-build-utils/-/napi-build-utils-2.0.0.tgz. Extracting by manifest.
226 silly tarball no local data for mkdirp-classic@https://registry.npmjs.org/mkdirp-classic/-/mkdirp-classic-0.5.3.tgz. Extracting by manifest.
227 silly tarball no local data for minimist@https://registry.npmjs.org/minimist/-/minimist-1.2.8.tgz. Extracting by manifest.
228 silly tarball no local data for github-from-package@https://registry.npmjs.org/github-from-package/-/github-from-package-0.0.0.tgz. Extracting by manifest.
229 silly tarball no local data for expand-template@https://registry.npmjs.org/expand-template/-/expand-template-2.0.3.tgz. Extracting by manifest.
230 silly tarball no local data for detect-libc@https://registry.npmjs.org/detect-libc/-/detect-libc-2.0.3.tgz. Extracting by manifest.
231 silly tarball no local data for prebuild-install@https://registry.npmjs.org/prebuild-install/-/prebuild-install-7.1.3.tgz. Extracting by manifest.
232 silly tarball no local data for node-addon-api@https://registry.npmjs.org/node-addon-api/-/node-addon-api-7.1.1.tgz. Extracting by manifest.
233 silly tarball no local data for canvas@https://registry.npmjs.org/canvas/-/canvas-3.1.0.tgz. Extracting by manifest.
234 http fetch POST 200 https://registry.npmjs.org/-/npm/v1/security/advisories/bulk 194ms
235 timing auditReport:getReport Completed in 201ms
236 silly audit report {}
237 timing auditReport:init Completed in 0ms
238 timing reify:audit Completed in 201ms
239 http fetch GET 200 https://registry.npmjs.org/string_decoder/-/string_decoder-1.3.0.tgz 424ms (cache miss)
240 timing reifyNode:node_modules/string_decoder Completed in 463ms
241 http fetch GET 200 https://registry.npmjs.org/util-deprecate/-/util-deprecate-1.0.2.tgz 435ms (cache miss)
242 timing reifyNode:node_modules/util-deprecate Completed in 470ms
243 http fetch GET 200 https://registry.npmjs.org/ieee754/-/ieee754-1.2.1.tgz 435ms (cache miss)
244 timing reifyNode:node_modules/ieee754 Completed in 477ms
245 http fetch GET 200 https://registry.npmjs.org/fs-constants/-/fs-constants-1.0.0.tgz 426ms (cache miss)
246 timing reifyNode:node_modules/fs-constants Completed in 478ms
247 http fetch GET 200 https://registry.npmjs.org/inherits/-/inherits-2.0.4.tgz 436ms (cache miss)
248 timing reifyNode:node_modules/inherits Completed in 483ms
249 http fetch GET 200 https://registry.npmjs.org/once/-/once-1.4.0.tgz 408ms (cache miss)
250 timing reifyNode:node_modules/once Completed in 485ms
251 http fetch GET 200 https://registry.npmjs.org/wrappy/-/wrappy-1.0.2.tgz 411ms (cache miss)
252 timing reifyNode:node_modules/wrappy Completed in 486ms
253 http fetch GET 200 https://registry.npmjs.org/base64-js/-/base64-js-1.5.1.tgz 447ms (cache miss)
254 timing reifyNode:node_modules/base64-js Completed in 492ms
255 http fetch GET 200 https://registry.npmjs.org/decompress-response/-/decompress-response-6.0.0.tgz 426ms (cache miss)
256 timing reifyNode:node_modules/decompress-response Completed in 492ms
257 http fetch GET 200 https://registry.npmjs.org/strip-json-comments/-/strip-json-comments-2.0.1.tgz 425ms (cache miss)
258 timing reifyNode:node_modules/strip-json-comments Completed in 493ms
259 http fetch GET 200 https://registry.npmjs.org/mkdirp-classic/-/mkdirp-classic-0.5.3.tgz 372ms (cache miss)
260 timing reifyNode:node_modules/mkdirp-classic Completed in 494ms
261 http fetch GET 200 https://registry.npmjs.org/ini/-/ini-1.3.8.tgz 430ms (cache miss)
262 timing reifyNode:node_modules/ini Completed in 499ms
263 http fetch GET 200 https://registry.npmjs.org/mimic-response/-/mimic-response-3.1.0.tgz 442ms (cache miss)
264 timing reifyNode:node_modules/mimic-response Completed in 501ms
265 http fetch GET 200 https://registry.npmjs.org/deep-extend/-/deep-extend-0.6.0.tgz 429ms (cache miss)
266 timing reifyNode:node_modules/deep-extend Completed in 504ms
267 http fetch GET 200 https://registry.npmjs.org/end-of-stream/-/end-of-stream-1.4.4.tgz 426ms (cache miss)
268 timing reifyNode:node_modules/end-of-stream Completed in 504ms
269 http fetch GET 200 https://registry.npmjs.org/napi-build-utils/-/napi-build-utils-2.0.0.tgz 383ms (cache miss)
270 timing reifyNode:node_modules/napi-build-utils Completed in 504ms
271 http fetch GET 200 https://registry.npmjs.org/expand-template/-/expand-template-2.0.3.tgz 378ms (cache miss)
272 timing reifyNode:node_modules/expand-template Completed in 505ms
273 http fetch GET 200 https://registry.npmjs.org/tunnel-agent/-/tunnel-agent-0.6.0.tgz 430ms (cache miss)
274 timing reifyNode:node_modules/tunnel-agent Completed in 514ms
275 http fetch GET 200 https://registry.npmjs.org/simple-get/-/simple-get-4.0.1.tgz 428ms (cache miss)
276 http fetch GET 200 https://registry.npmjs.org/simple-concat/-/simple-concat-1.0.1.tgz 452ms (cache miss)
277 timing reifyNode:node_modules/simple-concat Completed in 515ms
278 http fetch GET 200 https://registry.npmjs.org/github-from-package/-/github-from-package-0.0.0.tgz 389ms (cache miss)
279 http fetch GET 200 https://registry.npmjs.org/pump/-/pump-3.0.2.tgz 415ms (cache miss)
280 timing reifyNode:node_modules/pump Completed in 518ms
281 http fetch GET 200 https://registry.npmjs.org/chownr/-/chownr-1.1.4.tgz 466ms (cache miss)
282 timing reifyNode:node_modules/chownr Completed in 523ms
283 http fetch GET 200 https://registry.npmjs.org/node-abi/-/node-abi-3.74.0.tgz 415ms (cache miss)
284 timing reifyNode:node_modules/node-abi Completed in 526ms
285 http fetch GET 200 https://registry.npmjs.org/safe-buffer/-/safe-buffer-5.2.1.tgz 493ms (cache miss)
286 timing reifyNode:node_modules/safe-buffer Completed in 530ms
287 timing reifyNode:node_modules/simple-get Completed in 530ms
288 timing reifyNode:node_modules/github-from-package Completed in 532ms
289 http fetch GET 200 https://registry.npmjs.org/tar-stream/-/tar-stream-2.2.0.tgz 479ms (cache miss)
290 timing reifyNode:node_modules/tar-stream Completed in 535ms
291 http fetch GET 200 https://registry.npmjs.org/rc/-/rc-1.2.8.tgz 447ms (cache miss)
292 http fetch GET 200 https://registry.npmjs.org/detect-libc/-/detect-libc-2.0.3.tgz 407ms (cache miss)
293 timing reifyNode:node_modules/detect-libc Completed in 535ms
294 timing reifyNode:node_modules/rc Completed in 537ms
295 http fetch GET 200 https://registry.npmjs.org/bl/-/bl-4.1.0.tgz 491ms (cache miss)
296 timing reifyNode:node_modules/bl Completed in 545ms
297 http fetch GET 200 https://registry.npmjs.org/buffer/-/buffer-5.7.1.tgz 504ms (cache miss)
298 timing reifyNode:node_modules/buffer Completed in 549ms
299 http fetch GET 200 https://registry.npmjs.org/prebuild-install/-/prebuild-install-7.1.3.tgz 419ms (cache miss)
300 timing reifyNode:node_modules/prebuild-install Completed in 550ms
301 http fetch GET 200 https://registry.npmjs.org/minimist/-/minimist-1.2.8.tgz 432ms (cache miss)
302 timing reifyNode:node_modules/minimist Completed in 560ms
303 http fetch GET 200 https://registry.npmjs.org/readable-stream/-/readable-stream-3.6.2.tgz 525ms (cache miss)
304 timing reifyNode:node_modules/readable-stream Completed in 572ms
305 http fetch GET 200 https://registry.npmjs.org/tar-fs/-/tar-fs-2.1.2.tgz 497ms (cache miss)
306 timing reifyNode:node_modules/tar-fs Completed in 584ms
307 http fetch GET 200 https://registry.npmjs.org/node-addon-api/-/node-addon-api-7.1.1.tgz 455ms (cache miss)
308 timing reifyNode:node_modules/node-addon-api Completed in 587ms
309 http fetch GET 200 https://registry.npmjs.org/semver/-/semver-7.7.1.tgz 518ms (cache miss)
310 timing reifyNode:node_modules/semver Completed in 598ms
311 http fetch GET 200 https://registry.npmjs.org/canvas/-/canvas-3.1.0.tgz 481ms (cache miss)
312 timing reifyNode:node_modules/canvas Completed in 614ms
313 timing reify:unpack Completed in 617ms
314 timing reify:unretire Completed in 0ms
315 timing build:queue Completed in 4ms
316 timing build:link:node_modules/prebuild-install Completed in 4ms
317 timing build:link:node_modules/rc Completed in 3ms
318 timing build:link:node_modules/semver Completed in 3ms
319 timing build:link Completed in 4ms
320 info run canvas@3.1.0 install node_modules/canvas prebuild-install -r napi || node-gyp rebuild
321 info run canvas@3.1.0 install { code: 0, signal: null }
322 timing build:run:install:node_modules/canvas Completed in 1410ms
323 timing build:run:install Completed in 1410ms
324 timing build:deps Completed in 1421ms
325 timing build Completed in 1421ms
326 timing reify:build Completed in 1421ms
327 timing reify:trash Completed in 0ms
328 timing reify:save Completed in 35ms
329 timing reify Completed in 3192ms
330 silly ADD node_modules/safe-buffer
331 silly ADD node_modules/util-deprecate
332 silly ADD node_modules/string_decoder
333 silly ADD node_modules/ieee754
334 silly ADD node_modules/base64-js
335 silly ADD node_modules/buffer
336 silly ADD node_modules/readable-stream
337 silly ADD node_modules/inherits
338 silly ADD node_modules/fs-constants
339 silly ADD node_modules/bl
340 silly ADD node_modules/tar-stream
341 silly ADD node_modules/chownr
342 silly ADD node_modules/mimic-response
343 silly ADD node_modules/simple-concat
344 silly ADD node_modules/decompress-response
345 silly ADD node_modules/strip-json-comments
346 silly ADD node_modules/ini
347 silly ADD node_modules/deep-extend
348 silly ADD node_modules/wrappy
349 silly ADD node_modules/once
350 silly ADD node_modules/end-of-stream
351 silly ADD node_modules/semver
352 silly ADD node_modules/tunnel-agent
353 silly ADD node_modules/tar-fs
354 silly ADD node_modules/simple-get
355 silly ADD node_modules/rc
356 silly ADD node_modules/pump
357 silly ADD node_modules/node-abi
358 silly ADD node_modules/napi-build-utils
359 silly ADD node_modules/mkdirp-classic
360 silly ADD node_modules/minimist
361 silly ADD node_modules/github-from-package
362 silly ADD node_modules/expand-template
363 silly ADD node_modules/detect-libc
364 silly ADD node_modules/prebuild-install
365 silly ADD node_modules/node-addon-api
366 silly ADD node_modules/canvas
367 timing command:install Completed in 3203ms
368 verbose exit 0
369 timing npm Completed in 3255ms
370 info ok
